<?xml version="1.0" encoding="UTF-8"?>
<!-- Generated by org.testng.reporters.JUnitXMLReporter -->
<testsuite hostname="SSL247DEV004" ignored="0" name="Default test" tests="15" failures="1" timestamp="25 Jul 2017 12:49:57 GMT" time="1684.663" errors="0">
  <testcase name="Ssl_Certificates_Proposals" time="97.6" classname="Sanity_Test.Test_Build"/>
  <testcase name="Ssl_Certificates_Proposals" time="47.1" classname="Sanity_Test.Test_Build"/>
  <testcase name="Ssl_Certificates_Proposals" time="49.07" classname="Sanity_Test.Test_Build"/>
  <testcase name="Ssl_Certificates_Proposals" time="47.987" classname="Sanity_Test.Test_Build"/>
  <testcase name="Ssl_Certificates_Proposals" time="98.434" classname="Sanity_Test.Test_Build"/>
  <testcase name="Ssl_Certificates_Proposals" time="98.021" classname="Sanity_Test.Test_Build"/>
  <testcase name="Ssl_Certificates_Proposals" time="98.652" classname="Sanity_Test.Test_Build"/>
  <testcase name="Ssl_Certificates_Proposals" time="98.436" classname="Sanity_Test.Test_Build"/>
  <testcase name="Ssl_Certificates_Proposals" time="99.206" classname="Sanity_Test.Test_Build"/>
  <testcase name="Ssl_Certificates_Proposals" time="100.481" classname="Sanity_Test.Test_Build"/>
  <testcase name="Ssl_Certificates_Proposals" time="99.692" classname="Sanity_Test.Test_Build"/>
  <testcase name="Ssl_Certificates_Proposals" time="97.518" classname="Sanity_Test.Test_Build"/>
  <testcase name="Ssl_Certificates_Proposals" time="122.317" classname="Sanity_Test.Test_Build">
    <failure type="java.lang.AssertionError" message="Exception org.openqa.selenium.NoSuchElementException: Cannot locate element with text: 1 year
For documentation on this error, please visit: http://seleniumhq.org/exceptions/no_such_element.html
Build info: version: &amp;apos;unknown&amp;apos;, revision: &amp;apos;unknown&amp;apos;, time: &amp;apos;unknown&amp;apos;
System info: host: &amp;apos;SSL247DEV004&amp;apos;, ip: &amp;apos;192.168.232.1&amp;apos;, os.name: &amp;apos;Windows 10&amp;apos;, os.arch: &amp;apos;amd64&amp;apos;, os.version: &amp;apos;10.0&amp;apos;, java.version: &amp;apos;1.8.0_121&amp;apos;
Driver info: driver.version: unknown">
      <![CDATA[java.lang.AssertionError: Exception org.openqa.selenium.NoSuchElementException: Cannot locate element with text: 1 year
For documentation on this error, please visit: http://seleniumhq.org/exceptions/no_such_element.html
Build info: version: 'unknown', revision: 'unknown', time: 'unknown'
System info: host: 'SSL247DEV004', ip: '192.168.232.1', os.name: 'Windows 10', os.arch: 'amd64', os.version: '10.0', java.version: '1.8.0_121'
Driver info: driver.version: unknown
	at org.testng.Assert.fail(Assert.java:93)
	at Sanity_Test.Test_Build.Ssl_Certificates_Proposals(Test_Build.java:340)
	at sun.reflect.NativeMethodAccessorImpl.invoke0(Native Method)
	at sun.reflect.NativeMethodAccessorImpl.invoke(NativeMethodAccessorImpl.java:62)
	at sun.reflect.DelegatingMethodAccessorImpl.invoke(DelegatingMethodAccessorImpl.java:43)
	at java.lang.reflect.Method.invoke(Method.java:498)
	at org.testng.internal.MethodInvocationHelper.invokeMethod(MethodInvocationHelper.java:108)
	at org.testng.internal.Invoker.invokeMethod(Invoker.java:661)
	at org.testng.internal.Invoker.invokeTestMethod(Invoker.java:869)
	at org.testng.internal.Invoker.invokeTestMethods(Invoker.java:1193)
	at org.testng.internal.TestMethodWorker.invokeTestMethods(TestMethodWorker.java:126)
	at org.testng.internal.TestMethodWorker.run(TestMethodWorker.java:109)
	at org.testng.TestRunner.privateRun(TestRunner.java:744)
	at org.testng.TestRunner.run(TestRunner.java:602)
	at org.testng.SuiteRunner.runTest(SuiteRunner.java:380)
	at org.testng.SuiteRunner.runSequentially(SuiteRunner.java:375)
	at org.testng.SuiteRunner.privateRun(SuiteRunner.java:340)
	at org.testng.SuiteRunner.run(SuiteRunner.java:289)
	at org.testng.SuiteRunnerWorker.runSuite(SuiteRunnerWorker.java:52)
	at org.testng.SuiteRunnerWorker.run(SuiteRunnerWorker.java:86)
	at org.testng.TestNG.runSuitesSequentially(TestNG.java:1301)
	at org.testng.TestNG.runSuitesLocally(TestNG.java:1226)
	at org.testng.TestNG.runSuites(TestNG.java:1144)
	at org.testng.TestNG.run(TestNG.java:1115)
	at org.testng.remote.AbstractRemoteTestNG.run(AbstractRemoteTestNG.java:132)
	at org.testng.remote.RemoteTestNG.initAndRun(RemoteTestNG.java:230)
	at org.testng.remote.RemoteTestNG.main(RemoteTestNG.java:76)
]]>
    </failure>
  </testcase> <!-- Ssl_Certificates_Proposals -->
  <testcase name="Ssl_Certificates_Proposals" time="98.712" classname="Sanity_Test.Test_Build"/>
  <testcase name="Ssl_Certificates_Proposals" time="97.389" classname="Sanity_Test.Test_Build"/>
</testsuite> <!-- Default test -->
